============================= test session starts ==============================
platform linux -- Python 3.10.10, pytest-7.3.1, pluggy-1.0.0
rootdir: /home/seuronao/Documents/Equation Solver-04-24-2023-03-36-22/23tayna
collected 20 items

test_grau_1.py FFFFFFF                                                   [ 35%]
test_grau_2.py FFFFFFFF                                                  [ 75%]
test_grau_invalido.py FFFFF                                              [100%]

=================================== FAILURES ===================================
________________ test_grau_1_a_0[test_input0-expected_output0] _________________

monkeypatch = <_pytest.monkeypatch.MonkeyPatch object at 0x7fc845a72020>
test_input = ['0']
expected_output = ['A equação é do primeiro grau', 'Valor de a inválido']

    @pytest.mark.parametrize(
        "test_input, expected_output",
        [
            (["1", "0"], ["A equação é do primeiro grau", "Valor de a inválido"]),
        ],
    )
    def test_grau_1_a_0(monkeypatch: MonkeyPatch, test_input: list[str], expected_output: str):
        mocked_input = lambda prompt="": test_input.pop(0)
    
        mocked_stdout = io.StringIO()
    
        with monkeypatch.context() as m:
            m.setattr(builtins, "input", mocked_input)
            m.setattr(sys, "stdout", mocked_stdout)
    
            sys.modules.pop("main", None)
>           importlib.import_module(name="main", package="files")

test_grau_1.py:26: 
_ _ _ _ _ _ _ _ _ _ _ _ _ _ _ _ _ _ _ _ _ _ _ _ _ _ _ _ _ _ _ _ _ _ _ _ _ _ _ _ 
/usr/lib/python3.10/importlib/__init__.py:126: in import_module
    return _bootstrap._gcd_import(name[level:], package, level)
<frozen importlib._bootstrap>:1050: in _gcd_import
    ???
<frozen importlib._bootstrap>:1027: in _find_and_load
    ???
<frozen importlib._bootstrap>:1006: in _find_and_load_unlocked
    ???
<frozen importlib._bootstrap>:688: in _load_unlocked
    ???
<frozen importlib._bootstrap_external>:883: in exec_module
    ???
<frozen importlib._bootstrap>:241: in _call_with_frames_removed
    ???
_ _ _ _ _ _ _ _ _ _ _ _ _ _ _ _ _ _ _ _ _ _ _ _ _ _ _ _ _ _ _ _ _ _ _ _ _ _ _ _ 

    grau = int(input( "digite qual o grau de aprovação, só pode ser do primeiro e do segundo grau"))
    if grau==1:
          print("a aprovação é do primeiro grau")
>         valorA= flot(input("digite o valor de a"))
E         NameError: name 'flot' is not defined

main.py:4: NameError
__________________ test_grau_1[test_input0-expected_output0] ___________________

monkeypatch = <_pytest.monkeypatch.MonkeyPatch object at 0x7fc845abc430>
test_input = ['1', '0']
expected_output = ['A equação é do primeiro grau', '0.00']

    @pytest.mark.parametrize(
        "test_input, expected_output",
        [
            (["1", "1", "0"], ["A equação é do primeiro grau", "0.00"]),
            (["1", "2", "0"], ["A equação é do primeiro grau", "0.00"]),
            (["1", "10", "0"], ["A equação é do primeiro grau", "0.00"]),
            (["1", "1", "-5"], ["A equação é do primeiro grau", "5.00"]),
            (["1", "2", "4"], ["A equação é do primeiro grau", "-2.00"]),
            (["1", "2", "-4"], ["A equação é do primeiro grau", "2.00"]),
        ],
    )
    def test_grau_1(monkeypatch: MonkeyPatch, test_input: list[str], expected_output: list[str]):
        mocked_input = lambda prompt="": test_input.pop(0)
    
        mocked_stdout = io.StringIO()
    
        with monkeypatch.context() as m:
            m.setattr(builtins, "input", mocked_input)
            m.setattr(sys, "stdout", mocked_stdout)
    
            sys.modules.pop("main", None)
>           importlib.import_module(name="main", package="files")

test_grau_1.py:53: 
_ _ _ _ _ _ _ _ _ _ _ _ _ _ _ _ _ _ _ _ _ _ _ _ _ _ _ _ _ _ _ _ _ _ _ _ _ _ _ _ 
/usr/lib/python3.10/importlib/__init__.py:126: in import_module
    return _bootstrap._gcd_import(name[level:], package, level)
<frozen importlib._bootstrap>:1050: in _gcd_import
    ???
<frozen importlib._bootstrap>:1027: in _find_and_load
    ???
<frozen importlib._bootstrap>:1006: in _find_and_load_unlocked
    ???
<frozen importlib._bootstrap>:688: in _load_unlocked
    ???
<frozen importlib._bootstrap_external>:883: in exec_module
    ???
<frozen importlib._bootstrap>:241: in _call_with_frames_removed
    ???
_ _ _ _ _ _ _ _ _ _ _ _ _ _ _ _ _ _ _ _ _ _ _ _ _ _ _ _ _ _ _ _ _ _ _ _ _ _ _ _ 

    grau = int(input( "digite qual o grau de aprovação, só pode ser do primeiro e do segundo grau"))
    if grau==1:
          print("a aprovação é do primeiro grau")
>         valorA= flot(input("digite o valor de a"))
E         NameError: name 'flot' is not defined

main.py:4: NameError
__________________ test_grau_1[test_input1-expected_output1] ___________________

monkeypatch = <_pytest.monkeypatch.MonkeyPatch object at 0x7fc845a72860>
test_input = ['2', '0']
expected_output = ['A equação é do primeiro grau', '0.00']

    @pytest.mark.parametrize(
        "test_input, expected_output",
        [
            (["1", "1", "0"], ["A equação é do primeiro grau", "0.00"]),
            (["1", "2", "0"], ["A equação é do primeiro grau", "0.00"]),
            (["1", "10", "0"], ["A equação é do primeiro grau", "0.00"]),
            (["1", "1", "-5"], ["A equação é do primeiro grau", "5.00"]),
            (["1", "2", "4"], ["A equação é do primeiro grau", "-2.00"]),
            (["1", "2", "-4"], ["A equação é do primeiro grau", "2.00"]),
        ],
    )
    def test_grau_1(monkeypatch: MonkeyPatch, test_input: list[str], expected_output: list[str]):
        mocked_input = lambda prompt="": test_input.pop(0)
    
        mocked_stdout = io.StringIO()
    
        with monkeypatch.context() as m:
            m.setattr(builtins, "input", mocked_input)
            m.setattr(sys, "stdout", mocked_stdout)
    
            sys.modules.pop("main", None)
>           importlib.import_module(name="main", package="files")

test_grau_1.py:53: 
_ _ _ _ _ _ _ _ _ _ _ _ _ _ _ _ _ _ _ _ _ _ _ _ _ _ _ _ _ _ _ _ _ _ _ _ _ _ _ _ 
/usr/lib/python3.10/importlib/__init__.py:126: in import_module
    return _bootstrap._gcd_import(name[level:], package, level)
<frozen importlib._bootstrap>:1050: in _gcd_import
    ???
<frozen importlib._bootstrap>:1027: in _find_and_load
    ???
<frozen importlib._bootstrap>:1006: in _find_and_load_unlocked
    ???
<frozen importlib._bootstrap>:688: in _load_unlocked
    ???
<frozen importlib._bootstrap_external>:883: in exec_module
    ???
<frozen importlib._bootstrap>:241: in _call_with_frames_removed
    ???
_ _ _ _ _ _ _ _ _ _ _ _ _ _ _ _ _ _ _ _ _ _ _ _ _ _ _ _ _ _ _ _ _ _ _ _ _ _ _ _ 

    grau = int(input( "digite qual o grau de aprovação, só pode ser do primeiro e do segundo grau"))
    if grau==1:
          print("a aprovação é do primeiro grau")
>         valorA= flot(input("digite o valor de a"))
E         NameError: name 'flot' is not defined

main.py:4: NameError
__________________ test_grau_1[test_input2-expected_output2] ___________________

monkeypatch = <_pytest.monkeypatch.MonkeyPatch object at 0x7fc845c04be0>
test_input = ['10', '0']
expected_output = ['A equação é do primeiro grau', '0.00']

    @pytest.mark.parametrize(
        "test_input, expected_output",
        [
            (["1", "1", "0"], ["A equação é do primeiro grau", "0.00"]),
            (["1", "2", "0"], ["A equação é do primeiro grau", "0.00"]),
            (["1", "10", "0"], ["A equação é do primeiro grau", "0.00"]),
            (["1", "1", "-5"], ["A equação é do primeiro grau", "5.00"]),
            (["1", "2", "4"], ["A equação é do primeiro grau", "-2.00"]),
            (["1", "2", "-4"], ["A equação é do primeiro grau", "2.00"]),
        ],
    )
    def test_grau_1(monkeypatch: MonkeyPatch, test_input: list[str], expected_output: list[str]):
        mocked_input = lambda prompt="": test_input.pop(0)
    
        mocked_stdout = io.StringIO()
    
        with monkeypatch.context() as m:
            m.setattr(builtins, "input", mocked_input)
            m.setattr(sys, "stdout", mocked_stdout)
    
            sys.modules.pop("main", None)
>           importlib.import_module(name="main", package="files")

test_grau_1.py:53: 
_ _ _ _ _ _ _ _ _ _ _ _ _ _ _ _ _ _ _ _ _ _ _ _ _ _ _ _ _ _ _ _ _ _ _ _ _ _ _ _ 
/usr/lib/python3.10/importlib/__init__.py:126: in import_module
    return _bootstrap._gcd_import(name[level:], package, level)
<frozen importlib._bootstrap>:1050: in _gcd_import
    ???
<frozen importlib._bootstrap>:1027: in _find_and_load
    ???
<frozen importlib._bootstrap>:1006: in _find_and_load_unlocked
    ???
<frozen importlib._bootstrap>:688: in _load_unlocked
    ???
<frozen importlib._bootstrap_external>:883: in exec_module
    ???
<frozen importlib._bootstrap>:241: in _call_with_frames_removed
    ???
_ _ _ _ _ _ _ _ _ _ _ _ _ _ _ _ _ _ _ _ _ _ _ _ _ _ _ _ _ _ _ _ _ _ _ _ _ _ _ _ 

    grau = int(input( "digite qual o grau de aprovação, só pode ser do primeiro e do segundo grau"))
    if grau==1:
          print("a aprovação é do primeiro grau")
>         valorA= flot(input("digite o valor de a"))
E         NameError: name 'flot' is not defined

main.py:4: NameError
__________________ test_grau_1[test_input3-expected_output3] ___________________

monkeypatch = <_pytest.monkeypatch.MonkeyPatch object at 0x7fc845af4580>
test_input = ['1', '-5']
expected_output = ['A equação é do primeiro grau', '5.00']

    @pytest.mark.parametrize(
        "test_input, expected_output",
        [
            (["1", "1", "0"], ["A equação é do primeiro grau", "0.00"]),
            (["1", "2", "0"], ["A equação é do primeiro grau", "0.00"]),
            (["1", "10", "0"], ["A equação é do primeiro grau", "0.00"]),
            (["1", "1", "-5"], ["A equação é do primeiro grau", "5.00"]),
            (["1", "2", "4"], ["A equação é do primeiro grau", "-2.00"]),
            (["1", "2", "-4"], ["A equação é do primeiro grau", "2.00"]),
        ],
    )
    def test_grau_1(monkeypatch: MonkeyPatch, test_input: list[str], expected_output: list[str]):
        mocked_input = lambda prompt="": test_input.pop(0)
    
        mocked_stdout = io.StringIO()
    
        with monkeypatch.context() as m:
            m.setattr(builtins, "input", mocked_input)
            m.setattr(sys, "stdout", mocked_stdout)
    
            sys.modules.pop("main", None)
>           importlib.import_module(name="main", package="files")

test_grau_1.py:53: 
_ _ _ _ _ _ _ _ _ _ _ _ _ _ _ _ _ _ _ _ _ _ _ _ _ _ _ _ _ _ _ _ _ _ _ _ _ _ _ _ 
/usr/lib/python3.10/importlib/__init__.py:126: in import_module
    return _bootstrap._gcd_import(name[level:], package, level)
<frozen importlib._bootstrap>:1050: in _gcd_import
    ???
<frozen importlib._bootstrap>:1027: in _find_and_load
    ???
<frozen importlib._bootstrap>:1006: in _find_and_load_unlocked
    ???
<frozen importlib._bootstrap>:688: in _load_unlocked
    ???
<frozen importlib._bootstrap_external>:883: in exec_module
    ???
<frozen importlib._bootstrap>:241: in _call_with_frames_removed
    ???
_ _ _ _ _ _ _ _ _ _ _ _ _ _ _ _ _ _ _ _ _ _ _ _ _ _ _ _ _ _ _ _ _ _ _ _ _ _ _ _ 

    grau = int(input( "digite qual o grau de aprovação, só pode ser do primeiro e do segundo grau"))
    if grau==1:
          print("a aprovação é do primeiro grau")
>         valorA= flot(input("digite o valor de a"))
E         NameError: name 'flot' is not defined

main.py:4: NameError
__________________ test_grau_1[test_input4-expected_output4] ___________________

monkeypatch = <_pytest.monkeypatch.MonkeyPatch object at 0x7fc845c04b80>
test_input = ['2', '4']
expected_output = ['A equação é do primeiro grau', '-2.00']

    @pytest.mark.parametrize(
        "test_input, expected_output",
        [
            (["1", "1", "0"], ["A equação é do primeiro grau", "0.00"]),
            (["1", "2", "0"], ["A equação é do primeiro grau", "0.00"]),
            (["1", "10", "0"], ["A equação é do primeiro grau", "0.00"]),
            (["1", "1", "-5"], ["A equação é do primeiro grau", "5.00"]),
            (["1", "2", "4"], ["A equação é do primeiro grau", "-2.00"]),
            (["1", "2", "-4"], ["A equação é do primeiro grau", "2.00"]),
        ],
    )
    def test_grau_1(monkeypatch: MonkeyPatch, test_input: list[str], expected_output: list[str]):
        mocked_input = lambda prompt="": test_input.pop(0)
    
        mocked_stdout = io.StringIO()
    
        with monkeypatch.context() as m:
            m.setattr(builtins, "input", mocked_input)
            m.setattr(sys, "stdout", mocked_stdout)
    
            sys.modules.pop("main", None)
>           importlib.import_module(name="main", package="files")

test_grau_1.py:53: 
_ _ _ _ _ _ _ _ _ _ _ _ _ _ _ _ _ _ _ _ _ _ _ _ _ _ _ _ _ _ _ _ _ _ _ _ _ _ _ _ 
/usr/lib/python3.10/importlib/__init__.py:126: in import_module
    return _bootstrap._gcd_import(name[level:], package, level)
<frozen importlib._bootstrap>:1050: in _gcd_import
    ???
<frozen importlib._bootstrap>:1027: in _find_and_load
    ???
<frozen importlib._bootstrap>:1006: in _find_and_load_unlocked
    ???
<frozen importlib._bootstrap>:688: in _load_unlocked
    ???
<frozen importlib._bootstrap_external>:883: in exec_module
    ???
<frozen importlib._bootstrap>:241: in _call_with_frames_removed
    ???
_ _ _ _ _ _ _ _ _ _ _ _ _ _ _ _ _ _ _ _ _ _ _ _ _ _ _ _ _ _ _ _ _ _ _ _ _ _ _ _ 

    grau = int(input( "digite qual o grau de aprovação, só pode ser do primeiro e do segundo grau"))
    if grau==1:
          print("a aprovação é do primeiro grau")
>         valorA= flot(input("digite o valor de a"))
E         NameError: name 'flot' is not defined

main.py:4: NameError
__________________ test_grau_1[test_input5-expected_output5] ___________________

monkeypatch = <_pytest.monkeypatch.MonkeyPatch object at 0x7fc845a735e0>
test_input = ['2', '-4']
expected_output = ['A equação é do primeiro grau', '2.00']

    @pytest.mark.parametrize(
        "test_input, expected_output",
        [
            (["1", "1", "0"], ["A equação é do primeiro grau", "0.00"]),
            (["1", "2", "0"], ["A equação é do primeiro grau", "0.00"]),
            (["1", "10", "0"], ["A equação é do primeiro grau", "0.00"]),
            (["1", "1", "-5"], ["A equação é do primeiro grau", "5.00"]),
            (["1", "2", "4"], ["A equação é do primeiro grau", "-2.00"]),
            (["1", "2", "-4"], ["A equação é do primeiro grau", "2.00"]),
        ],
    )
    def test_grau_1(monkeypatch: MonkeyPatch, test_input: list[str], expected_output: list[str]):
        mocked_input = lambda prompt="": test_input.pop(0)
    
        mocked_stdout = io.StringIO()
    
        with monkeypatch.context() as m:
            m.setattr(builtins, "input", mocked_input)
            m.setattr(sys, "stdout", mocked_stdout)
    
            sys.modules.pop("main", None)
>           importlib.import_module(name="main", package="files")

test_grau_1.py:53: 
_ _ _ _ _ _ _ _ _ _ _ _ _ _ _ _ _ _ _ _ _ _ _ _ _ _ _ _ _ _ _ _ _ _ _ _ _ _ _ _ 
/usr/lib/python3.10/importlib/__init__.py:126: in import_module
    return _bootstrap._gcd_import(name[level:], package, level)
<frozen importlib._bootstrap>:1050: in _gcd_import
    ???
<frozen importlib._bootstrap>:1027: in _find_and_load
    ???
<frozen importlib._bootstrap>:1006: in _find_and_load_unlocked
    ???
<frozen importlib._bootstrap>:688: in _load_unlocked
    ???
<frozen importlib._bootstrap_external>:883: in exec_module
    ???
<frozen importlib._bootstrap>:241: in _call_with_frames_removed
    ???
_ _ _ _ _ _ _ _ _ _ _ _ _ _ _ _ _ _ _ _ _ _ _ _ _ _ _ _ _ _ _ _ _ _ _ _ _ _ _ _ 

    grau = int(input( "digite qual o grau de aprovação, só pode ser do primeiro e do segundo grau"))
    if grau==1:
          print("a aprovação é do primeiro grau")
>         valorA= flot(input("digite o valor de a"))
E         NameError: name 'flot' is not defined

main.py:4: NameError
________________ test_grau_2_a_0[test_input0-expected_output0] _________________

monkeypatch = <_pytest.monkeypatch.MonkeyPatch object at 0x7fc845b12e60>
test_input = []
expected_output = ['A equação é do segundo grau', 'Valor de a inválido']

    @pytest.mark.parametrize(
        "test_input, expected_output",
        [
            (["2", "0"], ["A equação é do segundo grau", "Valor de a inválido"]),
        ],
    )
    def test_grau_2_a_0(monkeypatch: MonkeyPatch, test_input: list[str], expected_output: list[str]):
        mocked_input = lambda prompt="": test_input.pop(0)
    
        mocked_stdout = io.StringIO()
    
        with monkeypatch.context() as m:
            m.setattr(builtins, "input", mocked_input)
            m.setattr(sys, "stdout", mocked_stdout)
    
            sys.modules.pop("main", None)
            importlib.import_module(name="main", package="files")
    
        for output in expected_output:
>           assert output in mocked_stdout.getvalue().strip()
E           AssertionError: assert 'A equação é do segundo grau' in 'A aprovação é do segundo grau\nvalor de um invalido'
E            +  where 'A aprovação é do segundo grau\nvalor de um invalido' = <built-in method strip of str object at 0x7fc845ae54b0>()
E            +    where <built-in method strip of str object at 0x7fc845ae54b0> = 'A aprovação é do segundo grau\nvalor de um invalido\n'.strip
E            +      where 'A aprovação é do segundo grau\nvalor de um invalido\n' = <built-in method getvalue of _io.StringIO object at 0x7fc845a9b250>()
E            +        where <built-in method getvalue of _io.StringIO object at 0x7fc845a9b250> = <_io.StringIO object at 0x7fc845a9b250>.getvalue

test_grau_2.py:29: AssertionError
__________________ test_grau_2[test_input0-expected_output0] ___________________

monkeypatch = <_pytest.monkeypatch.MonkeyPatch object at 0x7fc845b12e30>
test_input = ['0', '0']
expected_output = ['A equação é do segundo grau', 'A equação possui uma raiz real', 'A equação possui apenas uma raiz real', '0.00']

    @pytest.mark.parametrize(
        "test_input, expected_output",
        [
            (["2", "1", "0", "0"], ["A equação é do segundo grau",
                                    "A equação possui uma raiz real", "A equação possui apenas uma raiz real", "0.00"]),
            (["2", "1", "0", "1"], ["A equação é do segundo grau",
                                    "A equação não possui raízes reais"]),
            (["2", "1", "0", "-1"], ["A equação é do segundo grau",
                                     "A equação possui duas raízes reais", "-1.00", "1.00"]),
            (["2", "1", "1", "0"], ["A equação é do segundo grau",
                                    "A equação possui duas raízes reais", "-1.00", "0.00"]),
            (["2", "1", "1", "1"], ["A equação é do segundo grau",
                                    "A equação não possui raízes reais"]),
            (["2", "1", "2", "0"], ["A equação é do segundo grau",
                                    "A equação possui duas raízes reais", "-2.00", "0.00"]),
            (["2", "2", "0", "0"], ["A equação é do segundo grau",
                                    "A equação possui uma raiz real", "A equação possui apenas uma raiz real", "0.00"]),
        ]
    )
    def test_grau_2(monkeypatch: MonkeyPatch, test_input: list[str], expected_output: list[str]):
        mocked_input = lambda prompt="": test_input.pop(0)
    
        mocked_stdout = io.StringIO()
    
        with monkeypatch.context() as m:
            m.setattr(builtins, "input", mocked_input)
            m.setattr(sys, "stdout", mocked_stdout)
    
            sys.modules.pop("main", None)
>           importlib.import_module(name="main", package="files")

test_grau_2.py:61: 
_ _ _ _ _ _ _ _ _ _ _ _ _ _ _ _ _ _ _ _ _ _ _ _ _ _ _ _ _ _ _ _ _ _ _ _ _ _ _ _ 
/usr/lib/python3.10/importlib/__init__.py:126: in import_module
    return _bootstrap._gcd_import(name[level:], package, level)
<frozen importlib._bootstrap>:1050: in _gcd_import
    ???
<frozen importlib._bootstrap>:1027: in _find_and_load
    ???
<frozen importlib._bootstrap>:1006: in _find_and_load_unlocked
    ???
<frozen importlib._bootstrap>:688: in _load_unlocked
    ???
<frozen importlib._bootstrap_external>:883: in exec_module
    ???
<frozen importlib._bootstrap>:241: in _call_with_frames_removed
    ???
_ _ _ _ _ _ _ _ _ _ _ _ _ _ _ _ _ _ _ _ _ _ _ _ _ _ _ _ _ _ _ _ _ _ _ _ _ _ _ _ 

    grau = int(input( "digite qual o grau de aprovação, só pode ser do primeiro e do segundo grau"))
    if grau==1:
          print("a aprovação é do primeiro grau")
          valorA= flot(input("digite o valor de a"))
          if valorA == 0 :
              print("valor invalido")
          else:
              valorB = float(input("digite o valor B"))
              print(f"a raiz da aprovação '{valorA} * x + {valorB} = 0' é { - valorB / valorA :.2f} ")
    
    elif grau == 2:
        print ("A aprovação é do segundo grau")
        valorA = float (input("digite o valor do a"))
        if valorA ==0:
            print("valor de um invalido")
        else:
>           valorB = flot (input ("digite o valor de b"))
E           NameError: name 'flot' is not defined

main.py:17: NameError
__________________ test_grau_2[test_input1-expected_output1] ___________________

monkeypatch = <_pytest.monkeypatch.MonkeyPatch object at 0x7fc845af5f00>
test_input = ['0', '1']
expected_output = ['A equação é do segundo grau', 'A equação não possui raízes reais']

    @pytest.mark.parametrize(
        "test_input, expected_output",
        [
            (["2", "1", "0", "0"], ["A equação é do segundo grau",
                                    "A equação possui uma raiz real", "A equação possui apenas uma raiz real", "0.00"]),
            (["2", "1", "0", "1"], ["A equação é do segundo grau",
                                    "A equação não possui raízes reais"]),
            (["2", "1", "0", "-1"], ["A equação é do segundo grau",
                                     "A equação possui duas raízes reais", "-1.00", "1.00"]),
            (["2", "1", "1", "0"], ["A equação é do segundo grau",
                                    "A equação possui duas raízes reais", "-1.00", "0.00"]),
            (["2", "1", "1", "1"], ["A equação é do segundo grau",
                                    "A equação não possui raízes reais"]),
            (["2", "1", "2", "0"], ["A equação é do segundo grau",
                                    "A equação possui duas raízes reais", "-2.00", "0.00"]),
            (["2", "2", "0", "0"], ["A equação é do segundo grau",
                                    "A equação possui uma raiz real", "A equação possui apenas uma raiz real", "0.00"]),
        ]
    )
    def test_grau_2(monkeypatch: MonkeyPatch, test_input: list[str], expected_output: list[str]):
        mocked_input = lambda prompt="": test_input.pop(0)
    
        mocked_stdout = io.StringIO()
    
        with monkeypatch.context() as m:
            m.setattr(builtins, "input", mocked_input)
            m.setattr(sys, "stdout", mocked_stdout)
    
            sys.modules.pop("main", None)
>           importlib.import_module(name="main", package="files")

test_grau_2.py:61: 
_ _ _ _ _ _ _ _ _ _ _ _ _ _ _ _ _ _ _ _ _ _ _ _ _ _ _ _ _ _ _ _ _ _ _ _ _ _ _ _ 
/usr/lib/python3.10/importlib/__init__.py:126: in import_module
    return _bootstrap._gcd_import(name[level:], package, level)
<frozen importlib._bootstrap>:1050: in _gcd_import
    ???
<frozen importlib._bootstrap>:1027: in _find_and_load
    ???
<frozen importlib._bootstrap>:1006: in _find_and_load_unlocked
    ???
<frozen importlib._bootstrap>:688: in _load_unlocked
    ???
<frozen importlib._bootstrap_external>:883: in exec_module
    ???
<frozen importlib._bootstrap>:241: in _call_with_frames_removed
    ???
_ _ _ _ _ _ _ _ _ _ _ _ _ _ _ _ _ _ _ _ _ _ _ _ _ _ _ _ _ _ _ _ _ _ _ _ _ _ _ _ 

    grau = int(input( "digite qual o grau de aprovação, só pode ser do primeiro e do segundo grau"))
    if grau==1:
          print("a aprovação é do primeiro grau")
          valorA= flot(input("digite o valor de a"))
          if valorA == 0 :
              print("valor invalido")
          else:
              valorB = float(input("digite o valor B"))
              print(f"a raiz da aprovação '{valorA} * x + {valorB} = 0' é { - valorB / valorA :.2f} ")
    
    elif grau == 2:
        print ("A aprovação é do segundo grau")
        valorA = float (input("digite o valor do a"))
        if valorA ==0:
            print("valor de um invalido")
        else:
>           valorB = flot (input ("digite o valor de b"))
E           NameError: name 'flot' is not defined

main.py:17: NameError
__________________ test_grau_2[test_input2-expected_output2] ___________________

monkeypatch = <_pytest.monkeypatch.MonkeyPatch object at 0x7fc845c05120>
test_input = ['0', '-1']
expected_output = ['A equação é do segundo grau', 'A equação possui duas raízes reais', '-1.00', '1.00']

    @pytest.mark.parametrize(
        "test_input, expected_output",
        [
            (["2", "1", "0", "0"], ["A equação é do segundo grau",
                                    "A equação possui uma raiz real", "A equação possui apenas uma raiz real", "0.00"]),
            (["2", "1", "0", "1"], ["A equação é do segundo grau",
                                    "A equação não possui raízes reais"]),
            (["2", "1", "0", "-1"], ["A equação é do segundo grau",
                                     "A equação possui duas raízes reais", "-1.00", "1.00"]),
            (["2", "1", "1", "0"], ["A equação é do segundo grau",
                                    "A equação possui duas raízes reais", "-1.00", "0.00"]),
            (["2", "1", "1", "1"], ["A equação é do segundo grau",
                                    "A equação não possui raízes reais"]),
            (["2", "1", "2", "0"], ["A equação é do segundo grau",
                                    "A equação possui duas raízes reais", "-2.00", "0.00"]),
            (["2", "2", "0", "0"], ["A equação é do segundo grau",
                                    "A equação possui uma raiz real", "A equação possui apenas uma raiz real", "0.00"]),
        ]
    )
    def test_grau_2(monkeypatch: MonkeyPatch, test_input: list[str], expected_output: list[str]):
        mocked_input = lambda prompt="": test_input.pop(0)
    
        mocked_stdout = io.StringIO()
    
        with monkeypatch.context() as m:
            m.setattr(builtins, "input", mocked_input)
            m.setattr(sys, "stdout", mocked_stdout)
    
            sys.modules.pop("main", None)
>           importlib.import_module(name="main", package="files")

test_grau_2.py:61: 
_ _ _ _ _ _ _ _ _ _ _ _ _ _ _ _ _ _ _ _ _ _ _ _ _ _ _ _ _ _ _ _ _ _ _ _ _ _ _ _ 
/usr/lib/python3.10/importlib/__init__.py:126: in import_module
    return _bootstrap._gcd_import(name[level:], package, level)
<frozen importlib._bootstrap>:1050: in _gcd_import
    ???
<frozen importlib._bootstrap>:1027: in _find_and_load
    ???
<frozen importlib._bootstrap>:1006: in _find_and_load_unlocked
    ???
<frozen importlib._bootstrap>:688: in _load_unlocked
    ???
<frozen importlib._bootstrap_external>:883: in exec_module
    ???
<frozen importlib._bootstrap>:241: in _call_with_frames_removed
    ???
_ _ _ _ _ _ _ _ _ _ _ _ _ _ _ _ _ _ _ _ _ _ _ _ _ _ _ _ _ _ _ _ _ _ _ _ _ _ _ _ 

    grau = int(input( "digite qual o grau de aprovação, só pode ser do primeiro e do segundo grau"))
    if grau==1:
          print("a aprovação é do primeiro grau")
          valorA= flot(input("digite o valor de a"))
          if valorA == 0 :
              print("valor invalido")
          else:
              valorB = float(input("digite o valor B"))
              print(f"a raiz da aprovação '{valorA} * x + {valorB} = 0' é { - valorB / valorA :.2f} ")
    
    elif grau == 2:
        print ("A aprovação é do segundo grau")
        valorA = float (input("digite o valor do a"))
        if valorA ==0:
            print("valor de um invalido")
        else:
>           valorB = flot (input ("digite o valor de b"))
E           NameError: name 'flot' is not defined

main.py:17: NameError
__________________ test_grau_2[test_input3-expected_output3] ___________________

monkeypatch = <_pytest.monkeypatch.MonkeyPatch object at 0x7fc845afc5b0>
test_input = ['1', '0']
expected_output = ['A equação é do segundo grau', 'A equação possui duas raízes reais', '-1.00', '0.00']

    @pytest.mark.parametrize(
        "test_input, expected_output",
        [
            (["2", "1", "0", "0"], ["A equação é do segundo grau",
                                    "A equação possui uma raiz real", "A equação possui apenas uma raiz real", "0.00"]),
            (["2", "1", "0", "1"], ["A equação é do segundo grau",
                                    "A equação não possui raízes reais"]),
            (["2", "1", "0", "-1"], ["A equação é do segundo grau",
                                     "A equação possui duas raízes reais", "-1.00", "1.00"]),
            (["2", "1", "1", "0"], ["A equação é do segundo grau",
                                    "A equação possui duas raízes reais", "-1.00", "0.00"]),
            (["2", "1", "1", "1"], ["A equação é do segundo grau",
                                    "A equação não possui raízes reais"]),
            (["2", "1", "2", "0"], ["A equação é do segundo grau",
                                    "A equação possui duas raízes reais", "-2.00", "0.00"]),
            (["2", "2", "0", "0"], ["A equação é do segundo grau",
                                    "A equação possui uma raiz real", "A equação possui apenas uma raiz real", "0.00"]),
        ]
    )
    def test_grau_2(monkeypatch: MonkeyPatch, test_input: list[str], expected_output: list[str]):
        mocked_input = lambda prompt="": test_input.pop(0)
    
        mocked_stdout = io.StringIO()
    
        with monkeypatch.context() as m:
            m.setattr(builtins, "input", mocked_input)
            m.setattr(sys, "stdout", mocked_stdout)
    
            sys.modules.pop("main", None)
>           importlib.import_module(name="main", package="files")

test_grau_2.py:61: 
_ _ _ _ _ _ _ _ _ _ _ _ _ _ _ _ _ _ _ _ _ _ _ _ _ _ _ _ _ _ _ _ _ _ _ _ _ _ _ _ 
/usr/lib/python3.10/importlib/__init__.py:126: in import_module
    return _bootstrap._gcd_import(name[level:], package, level)
<frozen importlib._bootstrap>:1050: in _gcd_import
    ???
<frozen importlib._bootstrap>:1027: in _find_and_load
    ???
<frozen importlib._bootstrap>:1006: in _find_and_load_unlocked
    ???
<frozen importlib._bootstrap>:688: in _load_unlocked
    ???
<frozen importlib._bootstrap_external>:883: in exec_module
    ???
<frozen importlib._bootstrap>:241: in _call_with_frames_removed
    ???
_ _ _ _ _ _ _ _ _ _ _ _ _ _ _ _ _ _ _ _ _ _ _ _ _ _ _ _ _ _ _ _ _ _ _ _ _ _ _ _ 

    grau = int(input( "digite qual o grau de aprovação, só pode ser do primeiro e do segundo grau"))
    if grau==1:
          print("a aprovação é do primeiro grau")
          valorA= flot(input("digite o valor de a"))
          if valorA == 0 :
              print("valor invalido")
          else:
              valorB = float(input("digite o valor B"))
              print(f"a raiz da aprovação '{valorA} * x + {valorB} = 0' é { - valorB / valorA :.2f} ")
    
    elif grau == 2:
        print ("A aprovação é do segundo grau")
        valorA = float (input("digite o valor do a"))
        if valorA ==0:
            print("valor de um invalido")
        else:
>           valorB = flot (input ("digite o valor de b"))
E           NameError: name 'flot' is not defined

main.py:17: NameError
__________________ test_grau_2[test_input4-expected_output4] ___________________

monkeypatch = <_pytest.monkeypatch.MonkeyPatch object at 0x7fc845b17c40>
test_input = ['1', '1']
expected_output = ['A equação é do segundo grau', 'A equação não possui raízes reais']

    @pytest.mark.parametrize(
        "test_input, expected_output",
        [
            (["2", "1", "0", "0"], ["A equação é do segundo grau",
                                    "A equação possui uma raiz real", "A equação possui apenas uma raiz real", "0.00"]),
            (["2", "1", "0", "1"], ["A equação é do segundo grau",
                                    "A equação não possui raízes reais"]),
            (["2", "1", "0", "-1"], ["A equação é do segundo grau",
                                     "A equação possui duas raízes reais", "-1.00", "1.00"]),
            (["2", "1", "1", "0"], ["A equação é do segundo grau",
                                    "A equação possui duas raízes reais", "-1.00", "0.00"]),
            (["2", "1", "1", "1"], ["A equação é do segundo grau",
                                    "A equação não possui raízes reais"]),
            (["2", "1", "2", "0"], ["A equação é do segundo grau",
                                    "A equação possui duas raízes reais", "-2.00", "0.00"]),
            (["2", "2", "0", "0"], ["A equação é do segundo grau",
                                    "A equação possui uma raiz real", "A equação possui apenas uma raiz real", "0.00"]),
        ]
    )
    def test_grau_2(monkeypatch: MonkeyPatch, test_input: list[str], expected_output: list[str]):
        mocked_input = lambda prompt="": test_input.pop(0)
    
        mocked_stdout = io.StringIO()
    
        with monkeypatch.context() as m:
            m.setattr(builtins, "input", mocked_input)
            m.setattr(sys, "stdout", mocked_stdout)
    
            sys.modules.pop("main", None)
>           importlib.import_module(name="main", package="files")

test_grau_2.py:61: 
_ _ _ _ _ _ _ _ _ _ _ _ _ _ _ _ _ _ _ _ _ _ _ _ _ _ _ _ _ _ _ _ _ _ _ _ _ _ _ _ 
/usr/lib/python3.10/importlib/__init__.py:126: in import_module
    return _bootstrap._gcd_import(name[level:], package, level)
<frozen importlib._bootstrap>:1050: in _gcd_import
    ???
<frozen importlib._bootstrap>:1027: in _find_and_load
    ???
<frozen importlib._bootstrap>:1006: in _find_and_load_unlocked
    ???
<frozen importlib._bootstrap>:688: in _load_unlocked
    ???
<frozen importlib._bootstrap_external>:883: in exec_module
    ???
<frozen importlib._bootstrap>:241: in _call_with_frames_removed
    ???
_ _ _ _ _ _ _ _ _ _ _ _ _ _ _ _ _ _ _ _ _ _ _ _ _ _ _ _ _ _ _ _ _ _ _ _ _ _ _ _ 

    grau = int(input( "digite qual o grau de aprovação, só pode ser do primeiro e do segundo grau"))
    if grau==1:
          print("a aprovação é do primeiro grau")
          valorA= flot(input("digite o valor de a"))
          if valorA == 0 :
              print("valor invalido")
          else:
              valorB = float(input("digite o valor B"))
              print(f"a raiz da aprovação '{valorA} * x + {valorB} = 0' é { - valorB / valorA :.2f} ")
    
    elif grau == 2:
        print ("A aprovação é do segundo grau")
        valorA = float (input("digite o valor do a"))
        if valorA ==0:
            print("valor de um invalido")
        else:
>           valorB = flot (input ("digite o valor de b"))
E           NameError: name 'flot' is not defined

main.py:17: NameError
__________________ test_grau_2[test_input5-expected_output5] ___________________

monkeypatch = <_pytest.monkeypatch.MonkeyPatch object at 0x7fc845abe860>
test_input = ['2', '0']
expected_output = ['A equação é do segundo grau', 'A equação possui duas raízes reais', '-2.00', '0.00']

    @pytest.mark.parametrize(
        "test_input, expected_output",
        [
            (["2", "1", "0", "0"], ["A equação é do segundo grau",
                                    "A equação possui uma raiz real", "A equação possui apenas uma raiz real", "0.00"]),
            (["2", "1", "0", "1"], ["A equação é do segundo grau",
                                    "A equação não possui raízes reais"]),
            (["2", "1", "0", "-1"], ["A equação é do segundo grau",
                                     "A equação possui duas raízes reais", "-1.00", "1.00"]),
            (["2", "1", "1", "0"], ["A equação é do segundo grau",
                                    "A equação possui duas raízes reais", "-1.00", "0.00"]),
            (["2", "1", "1", "1"], ["A equação é do segundo grau",
                                    "A equação não possui raízes reais"]),
            (["2", "1", "2", "0"], ["A equação é do segundo grau",
                                    "A equação possui duas raízes reais", "-2.00", "0.00"]),
            (["2", "2", "0", "0"], ["A equação é do segundo grau",
                                    "A equação possui uma raiz real", "A equação possui apenas uma raiz real", "0.00"]),
        ]
    )
    def test_grau_2(monkeypatch: MonkeyPatch, test_input: list[str], expected_output: list[str]):
        mocked_input = lambda prompt="": test_input.pop(0)
    
        mocked_stdout = io.StringIO()
    
        with monkeypatch.context() as m:
            m.setattr(builtins, "input", mocked_input)
            m.setattr(sys, "stdout", mocked_stdout)
    
            sys.modules.pop("main", None)
>           importlib.import_module(name="main", package="files")

test_grau_2.py:61: 
_ _ _ _ _ _ _ _ _ _ _ _ _ _ _ _ _ _ _ _ _ _ _ _ _ _ _ _ _ _ _ _ _ _ _ _ _ _ _ _ 
/usr/lib/python3.10/importlib/__init__.py:126: in import_module
    return _bootstrap._gcd_import(name[level:], package, level)
<frozen importlib._bootstrap>:1050: in _gcd_import
    ???
<frozen importlib._bootstrap>:1027: in _find_and_load
    ???
<frozen importlib._bootstrap>:1006: in _find_and_load_unlocked
    ???
<frozen importlib._bootstrap>:688: in _load_unlocked
    ???
<frozen importlib._bootstrap_external>:883: in exec_module
    ???
<frozen importlib._bootstrap>:241: in _call_with_frames_removed
    ???
_ _ _ _ _ _ _ _ _ _ _ _ _ _ _ _ _ _ _ _ _ _ _ _ _ _ _ _ _ _ _ _ _ _ _ _ _ _ _ _ 

    grau = int(input( "digite qual o grau de aprovação, só pode ser do primeiro e do segundo grau"))
    if grau==1:
          print("a aprovação é do primeiro grau")
          valorA= flot(input("digite o valor de a"))
          if valorA == 0 :
              print("valor invalido")
          else:
              valorB = float(input("digite o valor B"))
              print(f"a raiz da aprovação '{valorA} * x + {valorB} = 0' é { - valorB / valorA :.2f} ")
    
    elif grau == 2:
        print ("A aprovação é do segundo grau")
        valorA = float (input("digite o valor do a"))
        if valorA ==0:
            print("valor de um invalido")
        else:
>           valorB = flot (input ("digite o valor de b"))
E           NameError: name 'flot' is not defined

main.py:17: NameError
__________________ test_grau_2[test_input6-expected_output6] ___________________

monkeypatch = <_pytest.monkeypatch.MonkeyPatch object at 0x7fc845b134c0>
test_input = ['0', '0']
expected_output = ['A equação é do segundo grau', 'A equação possui uma raiz real', 'A equação possui apenas uma raiz real', '0.00']

    @pytest.mark.parametrize(
        "test_input, expected_output",
        [
            (["2", "1", "0", "0"], ["A equação é do segundo grau",
                                    "A equação possui uma raiz real", "A equação possui apenas uma raiz real", "0.00"]),
            (["2", "1", "0", "1"], ["A equação é do segundo grau",
                                    "A equação não possui raízes reais"]),
            (["2", "1", "0", "-1"], ["A equação é do segundo grau",
                                     "A equação possui duas raízes reais", "-1.00", "1.00"]),
            (["2", "1", "1", "0"], ["A equação é do segundo grau",
                                    "A equação possui duas raízes reais", "-1.00", "0.00"]),
            (["2", "1", "1", "1"], ["A equação é do segundo grau",
                                    "A equação não possui raízes reais"]),
            (["2", "1", "2", "0"], ["A equação é do segundo grau",
                                    "A equação possui duas raízes reais", "-2.00", "0.00"]),
            (["2", "2", "0", "0"], ["A equação é do segundo grau",
                                    "A equação possui uma raiz real", "A equação possui apenas uma raiz real", "0.00"]),
        ]
    )
    def test_grau_2(monkeypatch: MonkeyPatch, test_input: list[str], expected_output: list[str]):
        mocked_input = lambda prompt="": test_input.pop(0)
    
        mocked_stdout = io.StringIO()
    
        with monkeypatch.context() as m:
            m.setattr(builtins, "input", mocked_input)
            m.setattr(sys, "stdout", mocked_stdout)
    
            sys.modules.pop("main", None)
>           importlib.import_module(name="main", package="files")

test_grau_2.py:61: 
_ _ _ _ _ _ _ _ _ _ _ _ _ _ _ _ _ _ _ _ _ _ _ _ _ _ _ _ _ _ _ _ _ _ _ _ _ _ _ _ 
/usr/lib/python3.10/importlib/__init__.py:126: in import_module
    return _bootstrap._gcd_import(name[level:], package, level)
<frozen importlib._bootstrap>:1050: in _gcd_import
    ???
<frozen importlib._bootstrap>:1027: in _find_and_load
    ???
<frozen importlib._bootstrap>:1006: in _find_and_load_unlocked
    ???
<frozen importlib._bootstrap>:688: in _load_unlocked
    ???
<frozen importlib._bootstrap_external>:883: in exec_module
    ???
<frozen importlib._bootstrap>:241: in _call_with_frames_removed
    ???
_ _ _ _ _ _ _ _ _ _ _ _ _ _ _ _ _ _ _ _ _ _ _ _ _ _ _ _ _ _ _ _ _ _ _ _ _ _ _ _ 

    grau = int(input( "digite qual o grau de aprovação, só pode ser do primeiro e do segundo grau"))
    if grau==1:
          print("a aprovação é do primeiro grau")
          valorA= flot(input("digite o valor de a"))
          if valorA == 0 :
              print("valor invalido")
          else:
              valorB = float(input("digite o valor B"))
              print(f"a raiz da aprovação '{valorA} * x + {valorB} = 0' é { - valorB / valorA :.2f} ")
    
    elif grau == 2:
        print ("A aprovação é do segundo grau")
        valorA = float (input("digite o valor do a"))
        if valorA ==0:
            print("valor de um invalido")
        else:
>           valorB = flot (input ("digite o valor de b"))
E           NameError: name 'flot' is not defined

main.py:17: NameError
___________________ test_grau_invalido[-1-Grau inv\xe1lido] ____________________

monkeypatch = <_pytest.monkeypatch.MonkeyPatch object at 0x7fc845afc4f0>
test_input = '-1', expected_output = 'Grau inválido'

    @pytest.mark.parametrize(
        "test_input, expected_output",
        [
            ("-1", "Grau inválido"),
            ("-3", "Grau inválido"),
            ("0", "Grau inválido"),
            ("3", "Grau inválido"),
            ("10", "Grau inválido"),
        ],
    )
    def test_grau_invalido(monkeypatch: MonkeyPatch, test_input: str, expected_output: str):
        mocked_input = lambda prompt="": test_input
        mocked_stdout = io.StringIO()
    
        with monkeypatch.context() as m:
            m.setattr(builtins, "input", mocked_input)
            m.setattr(sys, "stdout", mocked_stdout)
    
            sys.modules.pop("main", None)
            importlib.import_module(name="main", package="files")
    
>       assert expected_output in mocked_stdout.getvalue().strip()
E       AssertionError: assert 'Grau inválido' in 'grau invalido'
E        +  where 'grau invalido' = <built-in method strip of str object at 0x7fc845ad55b0>()
E        +    where <built-in method strip of str object at 0x7fc845ad55b0> = 'grau invalido\n'.strip
E        +      where 'grau invalido\n' = <built-in method getvalue of _io.StringIO object at 0x7fc845b227a0>()
E        +        where <built-in method getvalue of _io.StringIO object at 0x7fc845b227a0> = <_io.StringIO object at 0x7fc845b227a0>.getvalue

test_grau_invalido.py:31: AssertionError
___________________ test_grau_invalido[-3-Grau inv\xe1lido] ____________________

monkeypatch = <_pytest.monkeypatch.MonkeyPatch object at 0x7fc845aff5b0>
test_input = '-3', expected_output = 'Grau inválido'

    @pytest.mark.parametrize(
        "test_input, expected_output",
        [
            ("-1", "Grau inválido"),
            ("-3", "Grau inválido"),
            ("0", "Grau inválido"),
            ("3", "Grau inválido"),
            ("10", "Grau inválido"),
        ],
    )
    def test_grau_invalido(monkeypatch: MonkeyPatch, test_input: str, expected_output: str):
        mocked_input = lambda prompt="": test_input
        mocked_stdout = io.StringIO()
    
        with monkeypatch.context() as m:
            m.setattr(builtins, "input", mocked_input)
            m.setattr(sys, "stdout", mocked_stdout)
    
            sys.modules.pop("main", None)
            importlib.import_module(name="main", package="files")
    
>       assert expected_output in mocked_stdout.getvalue().strip()
E       AssertionError: assert 'Grau inválido' in 'grau invalido'
E        +  where 'grau invalido' = <built-in method strip of str object at 0x7fc845a97130>()
E        +    where <built-in method strip of str object at 0x7fc845a97130> = 'grau invalido\n'.strip
E        +      where 'grau invalido\n' = <built-in method getvalue of _io.StringIO object at 0x7fc845b228c0>()
E        +        where <built-in method getvalue of _io.StringIO object at 0x7fc845b228c0> = <_io.StringIO object at 0x7fc845b228c0>.getvalue

test_grau_invalido.py:31: AssertionError
____________________ test_grau_invalido[0-Grau inv\xe1lido] ____________________

monkeypatch = <_pytest.monkeypatch.MonkeyPatch object at 0x7fc845afc9a0>
test_input = '0', expected_output = 'Grau inválido'

    @pytest.mark.parametrize(
        "test_input, expected_output",
        [
            ("-1", "Grau inválido"),
            ("-3", "Grau inválido"),
            ("0", "Grau inválido"),
            ("3", "Grau inválido"),
            ("10", "Grau inválido"),
        ],
    )
    def test_grau_invalido(monkeypatch: MonkeyPatch, test_input: str, expected_output: str):
        mocked_input = lambda prompt="": test_input
        mocked_stdout = io.StringIO()
    
        with monkeypatch.context() as m:
            m.setattr(builtins, "input", mocked_input)
            m.setattr(sys, "stdout", mocked_stdout)
    
            sys.modules.pop("main", None)
            importlib.import_module(name="main", package="files")
    
>       assert expected_output in mocked_stdout.getvalue().strip()
E       AssertionError: assert 'Grau inválido' in 'grau invalido'
E        +  where 'grau invalido' = <built-in method strip of str object at 0x7fc845b38b70>()
E        +    where <built-in method strip of str object at 0x7fc845b38b70> = 'grau invalido\n'.strip
E        +      where 'grau invalido\n' = <built-in method getvalue of _io.StringIO object at 0x7fc845b229e0>()
E        +        where <built-in method getvalue of _io.StringIO object at 0x7fc845b229e0> = <_io.StringIO object at 0x7fc845b229e0>.getvalue

test_grau_invalido.py:31: AssertionError
____________________ test_grau_invalido[3-Grau inv\xe1lido] ____________________

monkeypatch = <_pytest.monkeypatch.MonkeyPatch object at 0x7fc845abd900>
test_input = '3', expected_output = 'Grau inválido'

    @pytest.mark.parametrize(
        "test_input, expected_output",
        [
            ("-1", "Grau inválido"),
            ("-3", "Grau inválido"),
            ("0", "Grau inválido"),
            ("3", "Grau inválido"),
            ("10", "Grau inválido"),
        ],
    )
    def test_grau_invalido(monkeypatch: MonkeyPatch, test_input: str, expected_output: str):
        mocked_input = lambda prompt="": test_input
        mocked_stdout = io.StringIO()
    
        with monkeypatch.context() as m:
            m.setattr(builtins, "input", mocked_input)
            m.setattr(sys, "stdout", mocked_stdout)
    
            sys.modules.pop("main", None)
            importlib.import_module(name="main", package="files")
    
>       assert expected_output in mocked_stdout.getvalue().strip()
E       AssertionError: assert 'Grau inválido' in 'grau invalido'
E        +  where 'grau invalido' = <built-in method strip of str object at 0x7fc845adf530>()
E        +    where <built-in method strip of str object at 0x7fc845adf530> = 'grau invalido\n'.strip
E        +      where 'grau invalido\n' = <built-in method getvalue of _io.StringIO object at 0x7fc845b224d0>()
E        +        where <built-in method getvalue of _io.StringIO object at 0x7fc845b224d0> = <_io.StringIO object at 0x7fc845b224d0>.getvalue

test_grau_invalido.py:31: AssertionError
___________________ test_grau_invalido[10-Grau inv\xe1lido] ____________________

monkeypatch = <_pytest.monkeypatch.MonkeyPatch object at 0x7fc845abd9c0>
test_input = '10', expected_output = 'Grau inválido'

    @pytest.mark.parametrize(
        "test_input, expected_output",
        [
            ("-1", "Grau inválido"),
            ("-3", "Grau inválido"),
            ("0", "Grau inválido"),
            ("3", "Grau inválido"),
            ("10", "Grau inválido"),
        ],
    )
    def test_grau_invalido(monkeypatch: MonkeyPatch, test_input: str, expected_output: str):
        mocked_input = lambda prompt="": test_input
        mocked_stdout = io.StringIO()
    
        with monkeypatch.context() as m:
            m.setattr(builtins, "input", mocked_input)
            m.setattr(sys, "stdout", mocked_stdout)
    
            sys.modules.pop("main", None)
            importlib.import_module(name="main", package="files")
    
>       assert expected_output in mocked_stdout.getvalue().strip()
E       AssertionError: assert 'Grau inválido' in 'grau invalido'
E        +  where 'grau invalido' = <built-in method strip of str object at 0x7fc845ad8c30>()
E        +    where <built-in method strip of str object at 0x7fc845ad8c30> = 'grau invalido\n'.strip
E        +      where 'grau invalido\n' = <built-in method getvalue of _io.StringIO object at 0x7fc845b22e60>()
E        +        where <built-in method getvalue of _io.StringIO object at 0x7fc845b22e60> = <_io.StringIO object at 0x7fc845b22e60>.getvalue

test_grau_invalido.py:31: AssertionError
=========================== short test summary info ============================
FAILED test_grau_1.py::test_grau_1_a_0[test_input0-expected_output0] - NameEr...
FAILED test_grau_1.py::test_grau_1[test_input0-expected_output0] - NameError:...
FAILED test_grau_1.py::test_grau_1[test_input1-expected_output1] - NameError:...
FAILED test_grau_1.py::test_grau_1[test_input2-expected_output2] - NameError:...
FAILED test_grau_1.py::test_grau_1[test_input3-expected_output3] - NameError:...
FAILED test_grau_1.py::test_grau_1[test_input4-expected_output4] - NameError:...
FAILED test_grau_1.py::test_grau_1[test_input5-expected_output5] - NameError:...
FAILED test_grau_2.py::test_grau_2_a_0[test_input0-expected_output0] - Assert...
FAILED test_grau_2.py::test_grau_2[test_input0-expected_output0] - NameError:...
FAILED test_grau_2.py::test_grau_2[test_input1-expected_output1] - NameError:...
FAILED test_grau_2.py::test_grau_2[test_input2-expected_output2] - NameError:...
FAILED test_grau_2.py::test_grau_2[test_input3-expected_output3] - NameError:...
FAILED test_grau_2.py::test_grau_2[test_input4-expected_output4] - NameError:...
FAILED test_grau_2.py::test_grau_2[test_input5-expected_output5] - NameError:...
FAILED test_grau_2.py::test_grau_2[test_input6-expected_output6] - NameError:...
FAILED test_grau_invalido.py::test_grau_invalido[-1-Grau inv\xe1lido] - Asser...
FAILED test_grau_invalido.py::test_grau_invalido[-3-Grau inv\xe1lido] - Asser...
FAILED test_grau_invalido.py::test_grau_invalido[0-Grau inv\xe1lido] - Assert...
FAILED test_grau_invalido.py::test_grau_invalido[3-Grau inv\xe1lido] - Assert...
FAILED test_grau_invalido.py::test_grau_invalido[10-Grau inv\xe1lido] - Asser...
============================== 20 failed in 0.17s ==============================
